<?xml version="1.0" encoding="utf-8"?><testsuites name="pytest tests"><testsuite name="pytest" errors="0" failures="0" skipped="0" tests="8" time="2.719" timestamp="2026-07-25T05:05:15.474052+00:00" hostname="agent-env-4fc4d1cd-3bc4-4584-ba91-eec6ce5cdb8a"><testcase classname="tests.backend_test" name="test_council" time="0.141" /><testcase classname="tests.backend_test" name="test_settings_get" time="0.145" /><testcase classname="tests.backend_test" name="test_settings_persist" time="0.140" /><testcase classname="tests.backend_test" name="test_session_crud_and_message" time="0.357" /><testcase classname="tests.backend_test" name="test_session_not_found" time="0.029" /><testcase classname="tests.backend_test" name="test_message_bad_session" time="0.072" /><testcase classname="tests.backend_test" name="test_respond_bad_member" time="0.085" /><testcase classname="tests.backend_test" name="test_stt" time="1.288" /></testsuite></testsuites>