<?xml version="1.0" encoding="utf-8"?><testsuites name="pytest tests"><testsuite name="pytest" errors="0" failures="0" skipped="0" tests="21" time="48.411" timestamp="2026-07-25T05:54:27.265933+00:00" hostname="agent-env-4fc4d1cd-3bc4-4584-ba91-eec6ce5cdb8a"><testcase classname="tests.backend_test" name="test_council" time="0.151" /><testcase classname="tests.backend_test" name="test_settings_get" time="0.078" /><testcase classname="tests.backend_test" name="test_settings_persist" time="0.178" /><testcase classname="tests.backend_test" name="test_session_crud_and_message" time="0.376" /><testcase classname="tests.backend_test" name="test_session_not_found" time="0.036" /><testcase classname="tests.backend_test" name="test_message_bad_session" time="0.063" /><testcase classname="tests.backend_test" name="test_respond_bad_member" time="0.115" /><testcase classname="tests.backend_test" name="test_stt" time="1.427" /><testcase classname="tests.backend_test" name="test_tts_ok" time="1.376" /><testcase classname="tests.backend_test" name="test_review_requires_two_speakers" time="0.162" /><testcase classname="tests.backend_test" name="test_synthesize_without_openrouter_key" time="0.080" /><testcase classname="tests.backend_test" name="test_synthesize_bad_chairman" time="0.036" /><testcase classname="tests.backend_test" name="test_export_pdf" time="0.303" /><testcase classname="tests.backend_test" name="test_export_not_found" time="0.039" /><testcase classname="tests.backend_test" name="test_message_length_cap" time="0.227" /><testcase classname="tests.backend_test" name="test_synthesize_question_length_cap" time="0.037" /><testcase classname="tests.backend_test" name="test_tts_length_cap" time="0.038" /><testcase classname="tests.backend_test" name="test_stt_rejects_non_audio" time="0.039" /><testcase classname="tests.backend_test" name="test_stt_accepts_small_mp3" time="0.533" /><testcase classname="tests.backend_test" name="test_cors_council_ok" time="0.081" /><testcase classname="tests.backend_test" name="test_expensive_endpoint_rate_limit_burst" time="42.512" /></testsuite></testsuites>